<?xml version="1.0" encoding="UTF-8"?>
<testng-results ignored="0" total="1" passed="1" failed="0" skipped="0">
  <reporter-output>
  </reporter-output>
  <suite started-at="2020-11-17T18:16:21 IST" name="Default suite" finished-at="2020-11-17T18:16:29 IST" duration-ms="8185">
    <groups>
    </groups>
    <test started-at="2020-11-17T18:16:21 IST" name="Default test" finished-at="2020-11-17T18:16:29 IST" duration-ms="8185">
      <class name="com.test.ActionsClass">
        <test-method is-config="true" signature="setup()[pri:0, instance:com.test.ActionsClass@647fd8ce]" started-at="2020-11-17T18:16:21 IST" name="setup" finished-at="2020-11-17T18:16:29 IST" duration-ms="7819" status="PASS">
          <reporter-output>
          </reporter-output>
        </test-method> <!-- setup -->
        <test-method signature="searchWithAction()[pri:0, instance:com.test.ActionsClass@647fd8ce]" started-at="2020-11-17T18:16:29 IST" name="searchWithAction" finished-at="2020-11-17T18:16:29 IST" duration-ms="322" status="PASS">
          <reporter-output>
          </reporter-output>
        </test-method> <!-- searchWithAction -->
      </class> <!-- com.test.ActionsClass -->
    </test> <!-- Default test -->
  </suite> <!-- Default suite -->
</testng-results>
